<?xml version="1.0" encoding="UTF-8"?>
<!-- Generated by org.testng.reporters.JUnitReportReporter -->
<testsuite skipped="0" hostname="Prince-PC" name="mavenPkg.NewTest" tests="1" failures="0" timestamp="20 Mar 2020 12:26:29 GMT" time="43.780" errors="0">
  <testcase name="EnvironmentSetup" time="43.780" classname="mavenPkg.NewTest"/>
</testsuite> <!-- mavenPkg.NewTest -->
