<?xml version="1.0" encoding="UTF-8"?>
<!-- Generated by org.testng.reporters.JUnitReportReporter -->
<testsuite skipped="0" hostname="Prince-PC" name="mavenPkg.NewTest" tests="1" failures="0" timestamp="23 Mar 2020 11:15:34 GMT" time="10.113" errors="0">
  <testcase name="EnvironmentSetup" time="10.113" classname="mavenPkg.NewTest"/>
</testsuite> <!-- mavenPkg.NewTest -->
