<?xml version="1.0" encoding="UTF-8"?>
<!-- Generated by org.testng.reporters.JUnitReportReporter -->
<testsuite skipped="0" hostname="Prince-PC" name="mavenPkg.NewTest" tests="1" failures="0" timestamp="23 Mar 2020 12:38:08 GMT" time="8.348" errors="0">
  <testcase name="EnvironmentSetup" time="8.348" classname="mavenPkg.NewTest"/>
</testsuite> <!-- mavenPkg.NewTest -->
