<?xml version="1.0" encoding="UTF-8"?>
<!-- Generated by org.testng.reporters.JUnitReportReporter -->
<testsuite skipped="0" hostname="Prince-PC" name="mavenPkg.NewTest" tests="1" failures="0" timestamp="20 Mar 2020 13:06:04 GMT" time="42.205" errors="0">
  <testcase name="EnvironmentSetup" time="42.205" classname="mavenPkg.NewTest"/>
</testsuite> <!-- mavenPkg.NewTest -->
