<?xml version="1.0" encoding="UTF-8"?>
<!-- Generated by org.testng.reporters.JUnitReportReporter -->
<testsuite skipped="0" hostname="Prince-PC" name="mavenPkg.NewTest" tests="1" failures="0" timestamp="2020-03-20T17:42:26 IST" time="55.430" errors="0">
  <testcase name="EnvironmentSetup" time="55.430" classname="mavenPkg.NewTest"/>
  <system-out/>
</testsuite> <!-- mavenPkg.NewTest -->
