<?xml version="1.0" encoding="UTF-8"?>
<!-- Generated by org.testng.reporters.JUnitReportReporter -->
<testsuite skipped="0" hostname="Prince-PC" name="MavenTest.MavenTest.NewTest" tests="1" failures="0" timestamp="2020-03-10T20:31:35 IST" time="12.168" errors="0">
  <testcase name="EnvironmentSetup" time="12.168" classname="MavenTest.MavenTest.NewTest"/>
  <system-out/>
</testsuite> <!-- MavenTest.MavenTest.NewTest -->
