<?xml version="1.0" encoding="UTF-8"?>
<!-- Generated by org.testng.reporters.JUnitReportReporter -->
<testsuite skipped="0" hostname="Prince-PC" name="mavenPkg.NewTest" tests="1" failures="0" timestamp="2020-03-23T17:11:25 IST" time="8.538" errors="0">
  <testcase name="EnvironmentSetup" time="8.538" classname="mavenPkg.NewTest"/>
  <system-out/>
</testsuite> <!-- mavenPkg.NewTest -->
