<?xml version="1.0" encoding="UTF-8"?>
<!-- Generated by org.testng.reporters.JUnitReportReporter -->
<testsuite skipped="0" hostname="Prince-PC" name="mavenPkg.NewTest" tests="1" failures="0" timestamp="2020-03-23T16:46:05 IST" time="10.573" errors="0">
  <testcase name="EnvironmentSetup" time="10.573" classname="mavenPkg.NewTest"/>
  <system-out/>
</testsuite> <!-- mavenPkg.NewTest -->
