<?xml version="1.0" encoding="UTF-8"?>
<!-- Generated by org.testng.reporters.JUnitReportReporter -->
<testsuite skipped="0" hostname="Prince-PC" name="pkg.MavenTest.NewTest" tests="1" failures="0" timestamp="2020-03-20T16:44:14 IST" time="15.290" errors="0">
  <testcase name="EnvironmentSetup" time="15.290" classname="pkg.MavenTest.NewTest"/>
  <system-out/>
</testsuite> <!-- pkg.MavenTest.NewTest -->
